# Walltime Watchdog 
#   walltime:     172601s
#   buffer steps: 2
# Time                  n_call  increment buffer_time  time_left    elapsed
2022/02/15 15:46:46          0      139.3      278.7   172600.7      139.3
2022/02/15 15:47:54          1      103.9      207.7   172532.3      207.7
2022/02/15 15:48:58          2       90.5      181.0   172468.5      271.5
2022/02/15 15:50:08          3       85.3      170.6   172398.8      341.2
2022/02/15 15:51:17          4       82.0      163.9   172330.1      409.9
2022/02/15 15:52:26          5       79.9      159.8   172260.6      479.4
2022/02/15 15:53:35          6       78.3      156.7   172191.6      548.4
2022/02/15 15:54:46          7       77.4      154.7   172121.2      618.8
2022/02/15 15:55:50          8       76.0      151.9   172056.4      683.6
2022/02/15 15:57:00          9       68.2      136.4   171986.9      753.1
2022/02/15 15:58:10         10       68.4      136.8   171916.7      823.3
2022/02/15 15:59:20         11       69.1      138.1   171846.9      893.1
2022/02/15 16:00:26         12       68.7      137.3   171780.7      959.3
2022/02/15 16:01:37         13       68.9      137.8   171710.2     1029.8
2022/02/15 16:02:48         14       69.1      138.1   171639.0     1101.0
2022/02/15 16:03:58         15       69.2      138.4   171568.7     1171.3
2022/02/15 16:05:05         16       68.8      137.6   171502.1     1237.9
2022/02/15 16:06:16         17       69.5      139.1   171430.5     1309.5
2022/02/15 16:07:22         18       69.2      138.3   171364.4     1375.6
2022/02/15 16:08:34         19       69.4      138.7   171292.4     1447.6
2022/02/15 16:09:46         20       69.6      139.2   171220.3     1519.7
2022/02/15 16:10:58         21       70.3      140.5   171148.3     1591.7
2022/02/15 16:12:11         22       70.5      140.9   171076.0     1664.0
2022/02/15 16:13:22         23       70.5      141.0   171004.4     1735.6
2022/02/15 16:14:30         24       70.2      140.5   170936.6     1803.4
2022/02/15 16:15:43         25       70.9      141.9   170863.6     1876.4
2022/02/15 16:16:51         26       70.5      141.0   170795.8     1944.2
2022/02/15 16:18:04         27       71.3      142.6   170722.5     2017.5
2022/02/15 16:19:12         28       70.8      141.7   170655.0     2085.0
2022/02/15 16:20:26         29       71.1      142.2   170580.5     2159.5
2022/02/15 16:21:39         30       71.2      142.4   170507.4     2232.6
2022/02/15 16:22:53         31       71.4      142.7   170433.6     2306.4
2022/02/15 16:24:02         32       71.0      142.1   170365.0     2375.0
2022/02/15 16:25:16         33       71.8      143.6   170290.5     2449.5
2022/02/15 16:26:26         34       71.4      142.8   170221.2     2518.8
2022/02/15 16:27:40         35       72.1      144.2   170147.1     2592.9
2022/02/15 16:28:49         36       71.6      143.3   170077.9     2662.1
2022/02/15 16:30:05         37       72.6      145.1   170002.0     2738.0
2022/02/15 16:31:14         38       72.0      143.9   169932.7     2807.3
2022/02/15 16:32:29         39       72.2      144.4   169857.8     2882.2
2022/02/15 16:33:44         40       72.3      144.6   169783.0     2957.0
2022/02/15 16:35:00         41       73.1      146.3   169706.7     3033.3
2022/02/15 16:36:11         42       72.7      145.4   169636.1     3103.9
2022/02/15 16:37:26         43       73.4      146.8   169560.6     3179.4
2022/02/15 16:38:37         44       73.1      146.1   169489.7     3250.3
2022/02/15 16:39:54         45       73.8      147.7   169413.3     3326.7
2022/02/15 16:41:10         46       73.9      147.7   169337.1     3402.9
2022/02/15 16:42:27         47       74.7      149.5   169260.2     3479.8
2022/02/15 16:43:43         48       74.9      149.8   169183.7     3556.3
2022/02/15 16:45:02         49       75.3      150.7   169105.1     3634.9
2022/02/15 16:46:14         50       74.9      149.8   169032.4     3707.6
2022/02/15 16:47:32         51       75.7      151.4   168954.8     3785.2
2022/02/15 16:48:50         52       76.0      152.0   168876.6     3863.4
2022/02/15 16:50:10         53       77.0      154.0   168796.8     3943.2
2022/02/15 16:51:23         54       76.6      153.1   168724.1     4015.9
2022/02/15 16:52:42         55       76.9      153.8   168645.0     4095.0
2022/02/15 16:53:55         56       76.5      153.0   168571.5     4168.5
2022/02/15 16:55:16         57       77.0      153.9   168491.1     4248.9
2022/02/15 16:56:30         58       76.5      153.0   168416.5     4323.5
2022/02/15 16:57:50         59       77.3      154.6   168336.6     4403.4
2022/02/15 16:59:11         60       77.7      155.4   168255.6     4484.4
2022/02/15 17:00:34         61       78.2      156.4   168172.6     4567.4
2022/02/15 17:01:55         62       78.4      156.8   168091.3     4648.7
2022/02/15 17:03:17         63       79.4      158.8   168009.3     4730.7
2022/02/15 17:04:35         64       79.3      158.6   167931.4     4808.6
2022/02/15 17:05:58         65       80.3      160.7   167848.5     4891.5
2022/02/15 17:07:16         66       80.0      160.0   167771.0     4969.0
2022/02/15 17:08:40         67       81.1      162.2   167686.6     5053.4
2022/02/15 17:10:06         68       81.7      163.4   167601.2     5138.8
2022/02/15 17:11:31         69       82.1      164.3   167516.2     5223.8
2022/02/15 17:12:50         70       81.8      163.6   167436.4     5303.6
2022/02/15 17:14:17         71       82.4      164.8   167349.7     5390.3
2022/02/15 17:15:38         72       82.3      164.6   167268.4     5471.6
2022/02/15 17:17:06         73       83.4      166.8   167180.9     5559.1
2022/02/15 17:18:28         74       83.3      166.6   167098.7     5641.3
2022/02/15 17:19:57         75       84.6      169.2   167009.6     5730.4
2022/02/15 17:21:26         76       85.1      170.3   166920.3     5819.7
2022/02/15 17:22:57         77       85.7      171.5   166829.6     5910.4
2022/02/15 17:24:22         78       85.7      171.5   166744.7     5995.3
2022/02/15 17:25:53         79       87.0      174.0   166653.3     6086.7
2022/02/15 17:27:19         80       86.9      173.8   166567.5     6172.5
2022/02/15 17:28:53         81       88.3      176.6   166473.9     6266.1
2022/02/15 17:30:28         82       89.2      178.3   166378.5     6361.5
2022/02/15 17:32:03         83       90.6      181.2   166283.4     6456.6
2022/02/15 17:33:39         84       91.3      182.6   166187.7     6552.3
2022/02/15 17:35:17         85       92.3      184.6   166089.5     6650.5
2022/02/15 17:36:49         86       92.4      184.8   165998.0     6742.0
2022/02/15 17:38:28         87       94.0      187.9   165899.0     6841.0
2022/02/15 17:40:09         88       95.0      190.1   165798.0     6942.0
2022/02/15 17:41:50         89       96.7      193.4   165697.3     7042.7
2022/02/15 17:43:24         90       96.7      193.5   165603.3     7136.7
2022/02/15 17:45:08         91       97.7      195.4   165499.0     7241.0
2022/02/15 17:46:44         92       97.9      195.8   165402.5     7337.5
2022/02/15 17:48:30         93       98.9      197.9   165297.3     7442.7
2022/02/15 17:50:09         94       99.0      198.1   165198.1     7541.9
2022/02/15 17:51:55         95      100.7      201.4   165091.8     7648.2
2022/02/15 17:53:42         96      101.6      203.2   164984.6     7755.4
2022/02/15 17:55:32         97      102.6      205.1   164874.9     7865.1
2022/02/15 17:57:22         98      103.6      207.1   164765.1     7974.9
2022/02/15 17:59:13         99      105.5      211.0   164653.8     8086.2
2022/02/15 18:00:58        100      105.6      211.2   164548.8     8191.2
2022/02/15 18:02:51        101      107.5      214.9   164435.4     8304.6
2022/02/15 18:04:38        102      107.6      215.3   164328.5     8411.5
2022/02/15 18:06:35        103      109.5      219.1   164212.3     8527.7
2022/02/15 18:08:31        104      110.7      221.4   164095.3     8644.7
2022/02/15 18:10:30        105      112.0      224.1   163976.3     8763.7
2022/02/15 18:12:21        106      112.2      224.3   163865.5     8874.5
2022/02/15 18:14:22        107      113.4      226.8   163744.4     8995.6
2022/02/15 18:16:15        108      113.6      227.2   163631.5     9108.5
2022/02/15 18:18:19        109      115.6      231.2   163508.2     9231.8
2022/02/15 18:20:15        110      115.9      231.9   163391.9     9348.1
2022/02/15 18:22:21        111      118.1      236.2   163265.7     9474.3
2022/02/15 18:24:28        112      119.3      238.6   163138.4     9601.6
2022/02/15 18:26:37        113      120.6      241.3   163009.6     9730.4
2022/02/15 18:28:47        114      121.9      243.7   162879.6     9860.4
2022/02/15 18:31:00        115      124.3      248.5   162747.1     9992.9
2022/02/15 18:33:02        116      124.4      248.8   162624.7    10115.3
2022/02/15 18:35:17        117      126.8      253.7   162490.1    10249.9
2022/02/15 18:37:32        118      128.1      256.3   162355.1    10384.9
2022/02/15 18:39:49        119      130.4      260.8   162218.2    10521.8
2022/02/15 18:41:55        120      130.5      261.0   162091.3    10648.7
2022/02/15 18:44:14        121      131.8      263.6   161952.3    10787.7
2022/02/15 18:46:36        122      133.2      266.4   161810.9    10929.1
2022/02/15 18:48:58        123      134.5      269.0   161669.0    11071.0
2022/02/15 18:51:11        124      134.6      269.1   161536.1    11203.9
2022/02/15 18:53:35        125      137.0      274.0   161391.9    11348.1
2022/02/15 18:55:50        126      137.0      274.1   161256.8    11483.2
2022/02/15 18:58:17        127      138.4      276.8   161109.4    11630.6
2022/02/15 19:00:47        128      139.8      279.7   160959.5    11780.5
2022/02/15 19:03:17        129      142.4      284.8   160809.6    11930.4
2022/02/15 19:05:49        130      143.9      287.8   160657.3    12082.7
2022/02/15 19:08:22        131      145.1      290.3   160504.7    12235.3
2022/02/15 19:10:44        132      145.2      290.3   160362.5    12377.5
2022/02/15 19:13:19        133      147.6      295.2   160207.8    12532.2
2022/02/15 19:15:44        134      147.7      295.4   160062.7    12677.3
2022/02/15 19:18:22        135      150.2      300.3   159905.2    12834.8
2022/02/15 19:20:48        136      150.1      300.2   159758.6    12981.4
2022/02/15 19:23:28        137      151.2      302.4   159598.9    13141.1
2022/02/15 19:26:10        138      152.5      305.0   159437.0    13303.0
2022/02/15 19:28:52        139      153.6      307.2   159275.0    13465.0
2022/02/15 19:31:23        140      153.5      306.9   159123.5    13616.5
2022/02/15 19:34:08        141      156.0      312.0   158958.5    13781.5
2022/02/15 19:36:42        142      155.8      311.7   158805.2    13934.8
2022/02/15 19:39:28        143      158.3      316.5   158638.5    14101.5
2022/02/15 19:42:18        144      159.6      319.1   158469.2    14270.8
2022/02/15 19:45:22        145      163.8      327.5   158284.8    14455.2
2022/02/15 19:48:27        146      166.6      333.2   158099.7    14640.3
2022/02/15 19:51:33        147      169.3      338.6   157913.3    14826.7
2022/02/15 19:54:42        148      172.3      344.6   157724.4    15015.6
2022/02/15 19:57:51        149      176.4      352.8   157536.1    15203.9
2022/02/15 20:01:01        150      179.2      358.5   157345.4    15394.6
2022/02/15 20:04:12        151      183.4      366.8   157154.4    15585.6
2022/02/15 20:07:25        152      186.3      372.6   156961.8    15778.2
2022/02/15 20:10:40        153      189.1      378.3   156767.0    15973.0
2022/02/15 20:13:55        154      190.3      380.6   156572.1    16167.9
2022/02/15 20:17:12        155      191.6      383.2   156375.1    16364.9
2022/02/15 20:20:30        156      193.0      386.0   156176.5    16563.5
2022/02/15 20:23:49        157      194.1      388.1   155978.0    16762.0
2022/02/15 20:27:09        158      195.4      390.8   155777.3    16962.7
2022/02/15 20:30:32        159      196.7      393.4   155575.0    17165.0
2022/02/15 20:33:54        160      198.0      396.0   155372.4    17367.6
2022/02/15 20:37:19        161      199.3      398.7   155167.8    17572.2
2022/02/15 20:40:46        162      200.6      401.3   154961.3    17778.7
2022/02/15 20:44:12        163      201.9      403.9   154754.7    17985.3
2022/02/15 20:47:40        164      203.2      406.4   154546.3    18193.7
2022/02/15 20:51:10        165      204.5      408.9   154336.3    18403.7
2022/02/15 20:54:42        166      205.9      411.8   154124.7    18615.3
2022/02/15 20:58:14        167      207.2      414.4   153912.5    18827.5
2022/02/15 21:01:49        168      208.6      417.2   153697.7    19042.3
2022/02/15 21:05:25        169      210.0      420.1   153482.1    19257.9
2022/02/15 21:08:29        170      207.8      415.6   153297.6    19442.4
2022/02/15 21:12:08        171      209.1      418.3   153078.9    19661.1
2022/02/15 21:15:48        172      210.6      421.2   152859.2    19880.8
2022/02/15 21:19:28        173      211.9      423.9   152638.8    20101.2
2022/02/15 21:22:54        174      211.5      423.0   152432.7    20307.3
2022/02/15 21:26:38        175      212.9      425.9   152208.4    20531.6
2022/02/15 21:30:25        176      214.6      429.1   151981.4    20758.6
2022/02/15 21:34:12        177      215.9      431.8   151754.7    20985.3
2022/02/15 21:37:27        178      213.6      427.2   151559.8    21180.2
2022/02/15 21:41:18        179      218.7      437.4   151329.2    21410.8
2022/02/15 21:44:53        180      218.3      436.6   151114.0    21626.0
2022/02/15 21:48:46        181      219.8      439.6   150881.2    21858.8
2022/02/15 21:52:06        182      217.5      435.1   150681.0    22059.0
2022/02/15 21:56:03        183      221.0      441.9   150444.1    22295.9
2022/02/15 21:59:24        184      218.4      436.9   150242.5    22497.5
2022/02/15 22:03:23        185      219.7      439.5   150003.7    22736.3
2022/02/15 22:07:07        186      219.4      438.8   149780.0    22960.0
2022/02/15 22:11:10        187      224.8      449.7   149536.4    23203.6
2022/02/15 22:15:16        188      226.5      453.0   149290.9    23449.1
2022/02/15 22:19:22        189      229.9      459.8   149045.1    23694.9
2022/02/15 22:23:29        190      231.5      463.0   148797.7    23942.3
2022/02/15 22:27:39        191      237.0      474.0   148547.8    24192.2
2022/02/15 22:31:32        192      236.6      473.2   148314.7    24425.3
2022/02/15 22:35:07        193      238.1      476.2   148099.7    24640.3
2022/02/15 22:38:43        194      235.6      471.1   147883.7    24856.3
2022/02/15 22:42:21        195      234.9      469.8   147665.8    25074.2
2022/02/15 22:46:00        196      232.2      464.4   147446.7    25293.3
2022/02/15 22:50:00        197      231.6      463.1   147206.9    25533.1
2022/02/15 22:54:01        198      231.0      462.1   146965.8    25774.2
2022/02/15 22:58:24        199      232.8      465.6   146702.3    26037.7
2022/02/15 23:02:10        200      230.1      460.2   146476.7    26263.3
2022/02/15 23:06:37        201      233.9      467.7   146209.9    26530.1
2022/02/15 23:11:05        202      239.8      479.5   145941.8    26798.2
2022/02/15 23:15:35        203      245.8      491.6   145671.6    27068.4
2022/02/15 23:19:46        204      249.5      498.9   145420.6    27319.4
2022/02/15 23:24:20        205      255.5      511.0   145147.1    27592.9
2022/02/15 23:28:55        206      259.5      519.0   144871.4    27868.6
2022/02/15 23:33:33        207      263.6      527.2   144593.5    28146.5
2022/02/15 23:37:31        208      260.7      521.4   144355.8    28384.2
2022/02/15 23:42:12        209      266.9      533.8   144074.8    28665.2
2022/02/15 23:46:34        210      266.3      532.6   143813.1    28926.9
2022/02/15 23:51:18        211      268.1      536.3   143528.5    29211.5
2022/02/15 23:55:21        212      265.1      530.3   143285.5    29454.5
2022/02/16 00:00:11        213      269.4      538.8   142996.1    29743.9
2022/02/16 00:04:16        214      266.2      532.4   142751.1    29988.9
2022/02/16 00:09:07        215      267.9      535.9   142460.0    30280.0
2022/02/16 00:13:37        216      267.1      534.2   142189.8    30550.2
2022/02/16 00:18:33        217      273.5      547.0   141894.2    30845.8
2022/02/16 00:23:29        218      275.2      550.4   141598.1    31141.9
2022/02/16 00:28:27        219      279.3      558.6   141299.5    31440.5
2022/02/16 00:33:05        220      278.5      557.0   141021.8    31718.2
2022/02/16 00:38:07        221      285.1      570.1   140719.9    32020.1
2022/02/16 00:42:47        222      284.0      568.1   140439.8    32300.2
2022/02/16 00:47:06        223      285.6      571.2   140180.5    32559.5
2022/02/16 00:51:27        224      282.3      564.5   139919.6    32820.4
2022/02/16 00:55:49        225      281.3      562.7   139657.7    33082.3
2022/02/16 01:00:14        226      278.0      555.9   139392.6    33347.4
2022/02/16 01:05:04        227      277.2      554.4   139103.2    33636.8
2022/02/16 01:09:56        228      276.5      553.0   138811.1    33928.9
2022/02/16 01:15:14        229      281.0      561.9   138493.1    34246.9
2022/02/16 01:19:44        230      277.5      554.9   138222.6    34517.4
2022/02/16 01:25:04        231      281.9      563.8   137902.5    34837.5
2022/02/16 01:30:27        232      288.9      577.9   137580.0    35160.0
2022/02/16 01:35:51        233      295.9      591.9   137256.2    35483.8
2022/02/16 01:40:52        234      300.3      600.6   136955.1    35784.9
2022/02/16 01:46:20        235      307.3      614.6   136626.8    36113.2
2022/02/16 01:51:49        236      311.7      623.4   136297.9    36442.1
2022/02/16 01:57:20        237      316.0      632.0   135967.3    36772.7
2022/02/16 02:02:03        238      312.1      624.2   135684.2    37055.8
2022/02/16 02:07:37        239      319.2      638.5   135349.5    37390.5
2022/02/16 02:12:49        240      318.3      636.6   135037.8    37702.2
2022/02/16 02:18:28        241      320.1      640.2   134699.2    38040.8
2022/02/16 02:23:16        242      316.2      632.4   134410.6    38329.4
2022/02/16 02:28:58        243      320.8      641.5   134068.3    38671.7
2022/02/16 02:33:51        244      316.7      633.5   133776.1    38963.9
2022/02/16 02:39:37        245      318.7      637.4   133429.6    39310.4
2022/02/16 02:44:59        246      317.8      635.5   133107.4    39632.6
2022/02/16 02:50:48        247      325.1      650.1   132758.7    39981.3
2022/02/16 02:56:39        248      326.9      653.7   132407.8    40332.2
2022/02/16 03:02:33        249      331.5      663.1   132054.0    40686.0
2022/02/16 03:08:00        250      330.3      660.5   131726.8    41013.2
2022/02/16 03:13:56        251      337.8      675.6   131370.3    41369.7
2022/02/16 03:19:28        252      336.6      673.2   131038.9    41701.1
2022/02/16 03:24:34        253      338.1      676.2   130733.3    42006.7
2022/02/16 03:29:41        254      333.7      667.4   130426.3    42313.7
2022/02/16 03:34:49        255      332.2      664.3   130118.0    42622.0
2022/02/16 03:39:59        256      327.9      655.7   129808.0    42932.0
2022/02/16 03:45:39        257      326.7      653.3   129467.8    43272.2
2022/02/16 03:51:21        258      325.3      650.6   129126.2    43613.8
2022/02/16 03:57:33        259      330.3      660.7   128753.8    43986.2
2022/02/16 04:02:49        260      325.9      651.8   128437.4    44302.6
2022/02/16 04:09:05        261      330.8      661.6   128061.7    44678.3
2022/02/16 04:15:24        262      339.0      677.9   127682.5    45057.5
2022/02/16 04:21:44        263      347.1      694.2   127302.5    45437.5
2022/02/16 04:27:37        264      352.0      704.0   126950.0    45790.0
2022/02/16 04:34:00        265      360.2      720.4   126566.4    46173.6
2022/02/16 04:40:26        266      365.3      730.5   126180.4    46559.6
2022/02/16 04:46:53        267      370.3      740.6   125793.3    46946.7
2022/02/16 04:52:23        268      365.6      731.1   125463.8    47276.2
2022/02/16 04:58:53        269      373.8      747.5   125073.4    47666.6
2022/02/16 05:04:57        270      372.4      744.9   124709.6    48030.4
2022/02/16 05:11:32        271      374.2      748.4   124314.9    48425.1
2022/02/16 05:17:08        272      369.3      738.6   123978.9    48761.1
2022/02/16 05:23:47        273      374.5      749.0   123579.7    49160.3
2022/02/16 05:29:26        274      369.5      739.1   123240.7    49499.3
2022/02/16 05:36:09        275      371.4      742.9   122837.3    49902.7
2022/02/16 05:42:23        276      369.9      739.8   122464.2    50275.8
2022/02/16 05:49:10        277      378.5      757.0   122057.1    50682.9
2022/02/16 05:55:59        278      380.6      761.2   121647.8    51092.2
2022/02/16 06:02:50        279      385.9      771.7   121236.9    51503.1
2022/02/16 06:09:45        280      388.1      776.2   120821.9    51918.1
2022/02/16 06:16:41        281      397.0      794.1   120405.6    52334.4
2022/02/16 06:23:05        282      395.3      790.7   120021.7    52718.3
2022/02/16 06:28:58        283      396.9      793.7   119668.9    53071.1
2022/02/16 06:34:55        284      391.7      783.4   119311.9    53428.1
2022/02/16 06:40:52        285      390.0      780.0   118954.4    53785.6
2022/02/16 06:46:51        286      384.6      769.2   118595.9    54144.1
2022/02/16 06:53:23        287      382.7      765.5   118203.3    54536.7
2022/02/16 06:59:25        288      377.2      754.4   117842.0    54898.0
2022/02/16 07:05:29        289      371.5      743.1   117478.1    55261.9
2022/02/16 07:11:34        290      365.8      731.7   117113.1    55626.9
2022/02/16 07:17:42        291      364.1      728.2   116745.0    55995.0
2022/02/16 07:23:50        292      365.8      731.6   116376.8    56363.2
2022/02/16 07:30:00        293      367.3      734.6   116006.3    56733.7
2022/02/16 07:36:12        294      368.8      737.6   115635.1    57104.9
2022/02/16 07:42:24        295      370.4      740.8   115262.3    57477.7
2022/02/16 07:48:40        296      368.5      737.0   114886.9    57853.1
2022/02/16 07:54:57        297      370.2      740.4   114510.0    58230.0
2022/02/16 08:01:15        298      371.8      743.6   114131.9    58608.1
2022/02/16 08:07:35        299      373.4      746.9   113752.2    58987.8
2022/02/16 08:13:56        300      374.9      749.8   113370.7    59369.3
2022/02/16 08:20:20        301      376.7      753.4   112986.7    59753.3
2022/02/16 08:26:45        302      378.3      756.6   112601.8    60138.2
2022/02/16 08:33:13        303      380.1      760.3   112213.8    60526.2
2022/02/16 08:39:43        304      382.0      764.1   111824.0    60916.0
2022/02/16 08:46:14        305      383.8      767.6   111432.8    61307.2
2022/02/16 08:52:46        306      385.5      770.9   111040.8    61699.2
2022/02/16 08:59:19        307      387.1      774.2   110647.9    62092.1
2022/02/16 09:05:54        308      388.8      777.5   110253.2    62486.8
2022/02/16 09:12:30        309      390.4      780.9   109856.8    62883.2
2022/02/16 09:19:09        310      392.1      784.3   109457.5    63282.5
2022/02/16 09:25:49        311      393.8      787.6   109057.4    63682.6
