# Walltime Watchdog 
#   walltime:     172450s
#   buffer steps: 2
# Time                  n_call  increment buffer_time  time_left    elapsed
2022/02/15 15:14:47          0      290.4      580.9   172449.6      290.4
2022/02/15 15:17:36          1      229.6      459.2   172280.8      459.2
2022/02/15 15:20:25          2      209.6      419.1   172111.3      628.7
2022/02/15 15:23:13          3      199.1      398.2   171943.7      796.3
2022/02/15 15:26:02          4      193.0      386.1   171774.8      965.2
2022/02/15 15:28:50          5      188.8      377.7   171607.0     1133.0
2022/02/15 15:31:39          6      186.1      372.2   171437.4     1302.6
2022/02/15 15:34:28          7      184.0      367.9   171268.4     1471.6
2022/02/15 15:37:18          8      182.3      364.6   171099.2     1640.8
2022/02/15 15:40:07          9      168.8      337.7   170930.0     1810.0
2022/02/15 15:42:55         10      168.8      337.6   170761.8     1978.2
2022/02/15 15:45:43         11      168.6      337.3   170593.6     2146.4
2022/02/15 15:48:31         12      168.6      337.3   170425.9     2314.1
2022/02/15 15:51:19         13      168.6      337.1   170257.8     2482.2
2022/02/15 15:54:07         14      168.5      337.1   170090.1     2649.9
2022/02/15 15:56:57         15      168.6      337.2   169920.0     2820.0
2022/02/15 15:59:45         16      168.5      337.1   169751.6     2988.4
2022/02/15 16:02:34         17      168.5      337.1   169582.4     3157.6
2022/02/15 16:05:24         18      168.6      337.2   169412.7     3327.3
2022/02/15 16:08:13         19      168.7      337.3   169243.7     3496.3
2022/02/15 16:11:02         20      168.8      337.5   169074.7     3665.3
2022/02/15 16:13:51         21      169.0      337.9   168905.3     3834.7
2022/02/15 16:16:40         22      169.0      338.0   168736.7     4003.3
2022/02/15 16:19:29         23      169.1      338.3   168568.0     4172.0
2022/02/15 16:22:18         24      169.0      338.0   168398.9     4341.1
2022/02/15 16:25:07         25      169.1      338.2   168229.7     4510.3
2022/02/15 16:27:57         26      169.2      338.3   168059.9     4680.1
2022/02/15 16:30:47         27      169.3      338.6   167889.2     4850.8
2022/02/15 16:33:36         28      169.3      338.5   167720.3     5019.7
2022/02/15 16:36:27         29      169.4      338.8   167549.9     5190.1
2022/02/15 16:39:16         30      169.4      338.7   167381.0     5359.0
2022/02/15 16:42:06         31      169.6      339.1   167210.6     5529.4
2022/02/15 16:44:57         32      169.8      339.6   167039.7     5700.3
2022/02/15 16:47:47         33      169.9      339.9   166869.6     5870.4
2022/02/15 16:50:37         34      170.0      340.1   166699.4     6040.6
2022/02/15 16:53:28         35      170.1      340.3   166528.7     6211.3
2022/02/15 16:56:18         36      170.1      340.2   166358.5     6381.5
2022/02/15 16:59:09         37      170.3      340.7   166187.3     6552.7
2022/02/15 17:02:00         38      170.4      340.8   166016.3     6723.7
2022/02/15 17:04:51         39      170.6      341.2   165845.7     6894.3
2022/02/15 17:07:41         40      170.6      341.1   165675.5     7064.5
2022/02/15 17:10:32         41      170.6      341.2   165504.4     7235.6
2022/02/15 17:13:23         42      170.6      341.2   165333.9     7406.1
2022/02/15 17:16:14         43      170.8      341.6   165162.3     7577.7
2022/02/15 17:19:05         44      170.8      341.6   164991.6     7748.4
2022/02/15 17:21:57         45      170.9      341.8   164820.2     7919.8
2022/02/15 17:24:48         46      171.0      341.9   164648.6     8091.4
2022/02/15 17:27:38         47      170.9      341.7   164478.5     8261.5
2022/02/15 17:30:30         48      171.0      342.1   164306.3     8433.7
2022/02/15 17:33:22         49      171.2      342.4   164134.6     8605.4
2022/02/15 17:36:04         50      170.2      340.4   163972.8     8767.2
2022/02/15 17:38:55         51      170.3      340.5   163801.5     8938.5
2022/02/15 17:41:47         52      170.3      340.5   163629.9     9110.1
2022/02/15 17:44:40         53      170.5      341.1   163456.7     9283.3
2022/02/15 17:47:30         54      170.4      340.8   163286.5     9453.5
2022/02/15 17:50:21         55      170.3      340.6   163115.8     9624.2
2022/02/15 17:53:13         56      170.5      341.0   162944.2     9795.8
2022/02/15 17:56:04         57      170.5      340.9   162772.2     9967.8
2022/02/15 17:58:57         58      170.5      341.1   162599.7    10140.3
2022/02/15 18:01:49         59      171.7      343.4   162427.6    10312.4
2022/02/15 18:04:42         60      171.9      343.7   162254.8    10485.2
2022/02/15 18:07:34         61      171.9      343.8   162083.0    10657.0
2022/02/15 18:10:15         62      170.6      341.2   161921.2    10818.8
2022/02/15 18:13:08         63      170.9      341.8   161748.2    10991.8
2022/02/15 18:16:02         64      171.2      342.5   161574.8    11165.2
2022/02/15 18:18:55         65      171.4      342.8   161401.4    11338.6
2022/02/15 18:21:48         66      171.5      342.9   161229.2    11510.8
2022/02/15 18:24:41         67      171.6      343.1   161055.7    11684.3
2022/02/15 18:27:34         68      171.7      343.3   160882.7    11857.3
2022/02/15 18:30:30         69      172.0      343.9   160707.0    12033.0
2022/02/15 18:33:22         70      172.1      344.1   160534.5    12205.5
2022/02/15 18:36:16         71      173.4      346.7   160361.0    12379.0
2022/02/15 18:39:10         72      173.5      346.9   160187.1    12552.9
2022/02/15 18:42:04         73      173.5      347.0   160013.1    12726.9
2022/02/15 18:44:58         74      173.7      347.4   159838.2    12901.8
2022/02/15 18:47:52         75      173.8      347.6   159664.9    13075.1
2022/02/15 18:50:46         76      173.9      347.9   159490.2    13249.8
2022/02/15 18:53:41         77      174.1      348.2   159316.0    13424.0
2022/02/15 18:56:35         78      174.0      348.0   159141.2    13598.8
2022/02/15 18:59:32         79      174.4      348.9   158964.4    13775.6
2022/02/15 19:02:26         80      174.5      349.0   158790.6    13949.4
2022/02/15 19:05:21         81      174.6      349.2   158615.6    14124.4
2022/02/15 19:08:17         82      174.8      349.7   158439.6    14300.4
2022/02/15 19:11:12         83      174.9      349.7   158264.4    14475.6
2022/02/15 19:14:09         84      175.2      350.4   158088.1    14651.9
2022/02/15 19:17:06         85      175.5      351.1   157910.4    14829.6
2022/02/15 19:20:03         86      175.8      351.6   157733.7    15006.3
2022/02/15 19:22:59         87      175.9      351.9   157557.7    15182.3
2022/02/15 19:25:56         88      175.9      351.9   157380.9    15359.1
2022/02/15 19:28:53         89      176.3      352.6   157204.1    15535.9
2022/02/15 19:31:50         90      176.5      353.1   157026.8    15713.2
2022/02/15 19:34:48         91      176.7      353.4   156849.1    15890.9
2022/02/15 19:37:45         92      177.0      353.9   156671.8    16068.2
2022/02/15 19:40:43         93      177.1      354.3   156493.7    16246.3
2022/02/15 19:43:41         94      177.2      354.4   156315.5    16424.5
2022/02/15 19:46:40         95      177.5      354.9   156136.4    16603.6
2022/02/15 19:49:40         96      177.9      355.8   155956.4    16783.6
2022/02/15 19:52:40         97      178.2      356.5   155776.7    16963.3
2022/02/15 19:55:40         98      178.6      357.2   155596.5    17143.5
2022/02/15 19:58:40         99      178.9      357.9   155416.3    17323.7
2022/02/15 20:01:41        100      179.3      358.5   155235.8    17504.2
2022/02/15 20:04:41        101      179.6      359.2   155055.3    17684.7
2022/02/15 20:07:42        102      179.9      359.8   154874.5    17865.5
2022/02/15 20:10:46        103      180.5      361.0   154691.1    18048.9
2022/02/15 20:13:47        104      180.7      361.5   154509.8    18230.2
2022/02/15 20:16:49        105      181.0      362.0   154327.4    18412.6
2022/02/15 20:19:52        106      181.3      362.6   154144.8    18595.2
2022/02/15 20:22:54        107      181.6      363.2   153962.3    18777.7
2022/02/15 20:25:57        108      181.8      363.7   153779.7    18960.3
2022/02/15 20:29:00        109      182.2      364.3   153596.2    19143.8
2022/02/15 20:32:05        110      182.6      365.3   153411.6    19328.4
2022/02/15 20:35:10        111      183.1      366.2   153226.8    19513.2
2022/02/15 20:38:15        112      183.2      366.5   153042.1    19697.9
2022/02/15 20:41:20        113      183.7      367.4   152856.5    19883.5
2022/02/15 20:44:27        114      184.1      368.3   152670.1    20069.9
2022/02/15 20:47:33        115      184.6      369.2   152483.6    20256.4
2022/02/15 20:50:40        116      185.1      370.2   152296.5    20443.5
2022/02/15 20:53:47        117      185.6      371.2   152109.3    20630.7
2022/02/15 20:56:56        118      186.1      372.2   151921.2    20818.8
2022/02/15 21:00:04        119      186.6      373.2   151732.3    21007.7
2022/02/15 21:03:12        120      186.9      373.9   151544.5    21195.5
2022/02/15 21:06:21        121      187.4      374.8   151355.3    21384.7
2022/02/15 21:09:30        122      187.7      375.5   151166.9    21573.1
2022/02/15 21:12:41        123      188.3      376.6   150975.5    21764.5
2022/02/15 21:15:51        124      188.6      377.3   150786.0    21954.0
2022/02/15 21:19:00        125      188.9      377.8   150596.4    22143.6
2022/02/15 21:22:12        126      189.3      378.7   150405.2    22334.8
2022/02/15 21:25:22        127      189.6      379.3   150214.5    22525.5
2022/02/15 21:28:32        128      189.7      379.4   150024.9    22715.1
2022/02/15 21:31:44        129      190.2      380.4   149832.7    22907.3
2022/02/15 21:34:56        130      190.6      381.1   149640.2    23099.8
2022/02/15 21:38:08        131      190.9      381.8   149448.9    23291.1
2022/02/15 21:41:20        132      191.0      382.0   149256.5    23483.5
2022/02/15 21:44:33        133      191.4      382.8   149063.6    23676.4
2022/02/15 21:47:49        134      192.0      384.1   148868.0    23872.0
2022/02/15 21:51:04        135      192.6      385.1   148672.2    24067.8
2022/02/15 21:54:19        136      193.0      386.0   148477.4    24262.6
2022/02/15 21:57:33        137      193.4      386.8   148284.2    24455.8
2022/02/15 22:00:50        138      194.0      387.9   148087.0    24653.0
2022/02/15 22:04:05        139      194.3      388.6   147891.6    24848.4
2022/02/15 22:07:21        140      194.8      389.6   147695.8    25044.2
2022/02/15 22:10:39        141      195.4      390.8   147498.1    25241.9
2022/02/15 22:13:55        142      195.7      391.5   147302.1    25437.9
2022/02/15 22:17:11        143      195.8      391.6   147105.6    25634.4
2022/02/15 22:20:30        144      196.2      392.3   146906.7    25833.3
2022/02/15 22:24:02        145      198.1      396.2   146694.5    26045.5
2022/02/15 22:27:31        146      199.9      399.7   146485.4    26254.6
2022/02/15 22:31:05        147      201.7      403.3   146272.1    26467.9
2022/02/15 22:34:35        148      203.4      406.8   146061.2    26678.8
2022/02/15 22:38:07        149      205.2      410.3   145849.2    26890.8
2022/02/15 22:41:39        150      206.7      413.4   145637.9    27102.1
2022/02/15 22:45:12        151      208.6      417.2   145424.6    27315.4
2022/02/15 22:48:44        152      210.4      420.7   145212.4    27527.6
2022/02/15 22:52:17        153      211.9      423.8   144999.7    27740.3
2022/02/15 22:55:51        154      212.1      424.2   144785.7    27954.3
2022/02/15 22:59:25        155      212.6      425.2   144572.1    28167.9
2022/02/15 23:02:58        156      212.6      425.3   144358.3    28381.7
2022/02/15 23:06:34        157      213.1      426.2   144143.1    28596.9
2022/02/15 23:10:08        158      213.4      426.9   143928.3    28811.7
2022/02/15 23:13:44        159      213.9      427.7   143713.1    29026.9
2022/02/15 23:17:21        160      214.3      428.6   143495.8    29244.2
2022/02/15 23:20:57        161      214.7      429.4   143280.0    29460.0
2022/02/15 23:24:35        162      215.4      430.8   143061.2    29678.8
2022/02/15 23:28:14        163      215.9      431.8   142842.5    29897.5
2022/02/15 23:31:53        164      216.5      433.0   142623.5    30116.5
2022/02/15 23:35:33        165      217.2      434.4   142403.5    30336.5
2022/02/15 23:39:11        166      217.4      434.9   142186.1    30553.9
2022/02/15 23:42:49        167      217.9      435.8   141967.2    30772.8
2022/02/15 23:46:29        168      218.4      436.8   141747.4    30992.6
2022/02/15 23:49:55        169      217.2      434.3   141541.3    31198.7
2022/02/15 23:53:22        170      216.2      432.4   141334.4    31405.6
2022/02/15 23:57:03        171      216.3      432.7   141114.1    31625.9
2022/02/16 00:00:44        172      216.6      433.3   140892.8    31847.2
2022/02/16 00:04:12        173      215.4      430.9   140684.6    32055.4
2022/02/16 00:07:39        174      214.0      428.0   140477.6    32262.4
2022/02/16 00:11:07        175      212.9      425.9   140269.5    32470.5
2022/02/16 00:14:49        176      213.3      426.6   140047.4    32692.6
2022/02/16 00:18:31        177      213.6      427.1   139825.2    32914.8
2022/02/16 00:22:02        178      214.1      428.2   139614.3    33125.7
2022/02/16 00:25:32        179      214.4      428.8   139404.6    33335.4
2022/02/16 00:29:02        180      213.3      426.6   139194.4    33545.6
2022/02/16 00:32:35        181      212.3      424.6   138981.9    33758.1
2022/02/16 00:36:06        182      212.6      425.2   138771.1    33968.9
2022/02/16 00:39:50        183      214.5      429.0   138547.1    34192.9
2022/02/16 00:43:36        184      216.5      433.1   138320.8    34419.2
2022/02/16 00:47:08        185      215.4      430.9   138108.5    34631.5
2022/02/16 00:50:42        186      214.5      429.1   137894.4    34845.6
2022/02/16 00:54:16        187      214.8      429.7   137680.7    35059.3
2022/02/16 00:58:03        188      216.8      433.6   137453.6    35286.4
2022/02/16 01:01:53        189      219.0      438.0   137223.5    35516.5
2022/02/16 01:05:29        190      219.3      438.7   137007.8    35732.2
2022/02/16 01:09:04        191      219.8      439.5   136793.1    35946.9
2022/02/16 01:12:39        192      218.9      437.7   136577.2    36162.8
2022/02/16 01:16:16        193      217.8      435.5   136360.8    36379.2
2022/02/16 01:19:53        194      218.4      436.7   136143.3    36596.7
2022/02/16 01:23:42        195      220.0      440.0   135914.6    36825.4
2022/02/16 01:27:32        196      221.8      443.6   135684.5    37055.5
2022/02/16 01:31:11        197      220.8      441.7   135466.1    37273.9
2022/02/16 01:34:48        198      219.4      438.9   135248.5    37491.5
2022/02/16 01:38:25        199      219.6      439.2   135031.3    37708.7
2022/02/16 01:42:19        200      221.7      443.5   134797.6    37942.4
2022/02/16 01:46:13        201      223.8      447.5   134563.4    38176.6
2022/02/16 01:49:54        202      224.2      448.4   134342.8    38397.2
2022/02/16 01:53:33        203      224.4      448.8   134123.6    38616.4
2022/02/16 01:57:14        204      223.5      447.1   133902.8    38837.2
2022/02/16 02:00:55        205      222.5      445.0   133682.0    39058.0
2022/02/16 02:04:36        206      222.9      445.7   133460.3    39279.7
2022/02/16 02:08:33        207      225.0      449.9   133224.0    39516.0
2022/02/16 02:12:30        208      227.1      454.3   132987.0    39753.0
2022/02/16 02:16:11        209      225.8      451.6   132765.5    39974.5
2022/02/16 02:19:55        210      224.6      449.2   132542.2    40197.8
2022/02/16 02:23:38        211      224.9      449.8   132318.9    40421.1
2022/02/16 02:27:36        212      227.0      454.1   132080.3    40659.7
2022/02/16 02:31:36        213      229.1      458.3   131840.6    40899.4
2022/02/16 02:35:21        214      229.5      459.1   131616.1    41123.9
2022/02/16 02:39:05        215      229.9      459.8   131391.2    41348.8
2022/02/16 02:42:51        216      228.6      457.3   131166.2    41573.8
2022/02/16 02:46:51        217      229.1      458.2   130925.2    41814.8
2022/02/16 02:50:37        218      229.5      459.1   130699.7    42040.3
2022/02/16 02:54:23        219      229.9      459.7   130473.5    42266.5
2022/02/16 02:58:11        220      230.4      460.7   130245.6    42494.4
2022/02/16 03:02:01        221      229.4      458.8   130015.8    42724.2
2022/02/16 03:05:49        222      228.1      456.1   129788.0    42952.0
2022/02/16 03:09:54        223      230.3      460.7   129543.1    43196.9
2022/02/16 03:13:41        224      230.7      461.3   129315.3    43424.7
2022/02/16 03:17:31        225      231.1      462.3   129085.9    43654.1
2022/02/16 03:21:20        226      229.8      459.6   128857.0    43883.0
2022/02/16 03:25:09        227      230.3      460.6   128627.2    44112.8
2022/02/16 03:28:59        228      230.7      461.4   128397.4    44342.6
2022/02/16 03:33:05        229      232.7      465.4   128151.2    44588.8
2022/02/16 03:36:57        230      233.0      465.9   127919.2    44820.8
2022/02/16 03:40:50        231      233.5      467.0   127686.5    45053.5
2022/02/16 03:44:42        232      232.0      464.0   127455.2    45284.8
2022/02/16 03:48:32        233      232.3      464.7   127224.2    45515.8
2022/02/16 03:52:25        234      232.7      465.5   126991.2    45748.8
2022/02/16 03:56:37        235      235.2      470.4   126740.2    45999.8
2022/02/16 04:00:32        236      235.8      471.6   126505.0    46235.0
2022/02/16 04:04:25        237      236.2      472.4   126271.5    46468.5
2022/02/16 04:08:22        238      235.1      470.3   126035.1    46704.9
2022/02/16 04:12:18        239      235.6      471.1   125799.0    46941.0
2022/02/16 04:16:14        240      236.0      472.0   125562.4    47177.6
2022/02/16 04:20:12        241      236.7      473.3   125325.1    47414.9
2022/02/16 04:24:08        242      237.3      474.6   125088.5    47651.5
2022/02/16 04:28:05        243      237.7      475.4   124851.7    47888.3
2022/02/16 04:32:03        244      236.3      472.6   124613.6    48126.4
2022/02/16 04:36:17        245      238.4      476.8   124359.2    48380.8
2022/02/16 04:40:17        246      239.1      478.1   124120.0    48620.0
2022/02/16 04:44:14        247      239.2      478.3   123882.6    48857.4
2022/02/16 04:48:13        248      239.5      479.0   123643.6    49096.4
2022/02/16 04:52:13        249      239.9      479.7   123403.8    49336.2
2022/02/16 04:56:13        250      240.1      480.2   123164.1    49575.9
2022/02/16 05:00:30        251      242.4      484.8   122906.7    49833.3
2022/02/16 05:04:33        252      243.2      486.3   122663.3    50076.7
2022/02/16 05:08:36        253      243.7      487.4   122420.4    50319.6
2022/02/16 05:12:39        254      242.4      484.9   122177.4    50562.6
2022/02/16 05:16:43        255      242.9      485.8   121933.9    50806.1
2022/02/16 05:20:46        256      243.6      487.2   121690.2    51049.8
2022/02/16 05:25:07        257      246.0      492.0   121429.7    51310.3
2022/02/16 05:29:10        258      246.3      492.6   121186.9    51553.1
2022/02/16 05:33:14        259      246.8      493.6   120942.9    51797.1
2022/02/16 05:37:18        260      245.3      490.6   120699.0    52041.0
2022/02/16 05:41:22        261      245.4      490.8   120454.8    52285.2
2022/02/16 05:45:28        262      245.7      491.4   120209.1    52530.9
2022/02/16 05:49:50        263      247.9      495.7   119946.6    52793.4
2022/02/16 05:53:56        264      248.1      496.2   119700.9    53039.1
2022/02/16 05:58:03        265      248.5      497.0   119453.7    53286.3
2022/02/16 06:01:56        266      245.4      490.9   119220.8    53519.2
2022/02/16 06:06:05        267      246.1      492.2   118972.1    53767.9
2022/02/16 06:09:57        268      244.8      489.5   118740.1    53999.9
2022/02/16 06:14:07        269      245.5      491.0   118489.4    54250.6
2022/02/16 06:18:00        270      244.2      488.4   118257.1    54482.9
2022/02/16 06:22:11        271      244.8      489.6   118006.0    54734.0
2022/02/16 06:26:03        272      241.5      483.0   117773.2    54966.8
2022/02/16 06:30:16        273      242.2      484.4   117521.1    55218.9
2022/02/16 06:34:25        274      242.5      484.9   117271.5    55468.5
2022/02/16 06:38:37        275      244.6      489.1   117019.7    55720.3
2022/02/16 06:42:31        276      243.0      485.9   116785.3    55954.7
2022/02/16 06:46:44        277      245.2      490.4   116533.1    56206.9
2022/02/16 06:50:39        278      243.5      487.0   116297.8    56442.2
2022/02/16 06:54:52        279      245.8      491.7   116044.6    56695.4
2022/02/16 06:58:48        280      244.2      488.4   115808.3    56931.7
2022/02/16 07:03:03        281      246.6      493.1   115554.1    57185.9
2022/02/16 07:07:00        282      245.0      490.0   115316.3    57423.7
2022/02/16 07:11:18        283      245.9      491.7   115058.8    57681.2
2022/02/16 07:15:16        284      244.3      488.6   114820.8    57919.2
2022/02/16 07:19:35        285      247.0      494.1   114561.9    58178.1
2022/02/16 07:23:51        286      247.5      494.9   114306.0    58434.0
2022/02/16 07:28:08        287      249.9      499.8   114048.6    58691.4
2022/02/16 07:32:09        288      248.5      497.0   113808.2    58931.8
2022/02/16 07:36:09        289      249.0      498.0   113567.3    59172.7
2022/02/16 07:40:12        290      247.7      495.4   113325.0    59415.0
2022/02/16 07:44:13        291      248.1      496.2   113083.3    59656.7
2022/02/16 07:48:15        292      246.3      492.6   112842.2    59897.8
2022/02/16 07:52:18        293      246.9      493.7   112599.0    60141.0
2022/02/16 07:56:20        294      245.0      490.1   112356.5    60383.5
2022/02/16 08:00:24        295      243.7      487.3   112113.0    60627.0
2022/02/16 08:04:26        296      242.0      484.1   111870.2    60869.8
2022/02/16 08:08:30        297      242.4      484.8   111626.7    61113.3
2022/02/16 08:12:34        298      242.7      485.4   111383.1    61356.9
2022/02/16 08:16:38        299      242.9      485.9   111138.4    61601.6
2022/02/16 08:20:45        300      243.5      487.0   110891.8    61848.2
2022/02/16 08:24:50        301      243.9      487.8   110646.9    62093.1
2022/02/16 08:28:56        302      244.2      488.5   110400.8    62339.2
2022/02/16 08:33:04        303      244.9      489.7   110152.6    62587.4
2022/02/16 08:37:12        304      245.3      490.7   109904.9    62835.1
2022/02/16 08:41:20        305      245.9      491.8   109657.0    63083.0
2022/02/16 08:45:28        306      246.5      493.0   109408.3    63331.7
2022/02/16 08:49:36        307      247.0      494.0   109160.2    63579.8
2022/02/16 08:53:44        308      247.3      494.6   108912.8    63827.2
2022/02/16 08:57:53        309      247.6      495.1   108663.9    64076.1
2022/02/16 09:02:03        310      248.1      496.3   108413.6    64326.4
2022/02/16 09:06:13        311      248.5      497.1   108164.0    64576.0
